<?xml version="1.0" encoding="UTF-8"?>
<!-- Generated by org.testng.reporters.JUnitReportReporter -->
<testsuite hostname="CBT-027" name="delta.main.DeltaDriver" tests="2" failures="0" timestamp="10 Sep 2016 09:13:06 GMT" time="32.831" errors="0">
  <testcase name="testScenarios" time="22.402" classname="delta.main.DeltaDriver"/>
  <testcase name="testScenarios" time="10.429" classname="delta.main.DeltaDriver"/>
</testsuite> <!-- delta.main.DeltaDriver -->
